<?xml version="1.0" encoding="UTF-8"?>
<!-- Generated by org.testng.reporters.JUnitXMLReporter -->
<testsuite hostname="DESKTOP-MNF0ODJ" failures="0" tests="4" name="Test" time="0.064" errors="0" timestamp="28 Apr 2020 23:07:01 GMT">
  <testcase classname="qaclickacademy.SeleniumTest" name="browsetest" time="0.022"/>
  <testcase classname="qaclickacademy.SeleniumTest" name="browsetest2" time="0.0"/>
  <testcase classname="qaclickacademy.RestTest" name="browsetest3" time="0.001"/>
  <testcase classname="qaclickacademy.RestTest" name="browsetest4" time="0.001"/>
</testsuite> <!-- Test -->
